<?xml version="1.0" encoding="UTF-8"?>
<!-- Generated by org.testng.reporters.JUnitReportReporter -->
<testsuite hostname="TRD-515" failures="0" tests="5" name="com.coforge.tests.TestBankApp" time="0.012" errors="0" timestamp="2024-06-01T12:03:52 IST" skipped="0">
  <testcase classname="com.coforge.tests.TestBankApp" name="testRegistration" time="0.009"/>
  <system-out/>
  <testcase classname="com.coforge.tests.TestBankApp" name="testLogin" time="0.001"/>
  <system-out/>
  <testcase classname="com.coforge.tests.TestBankApp" name="testCheckBalance" time="0.001"/>
  <system-out/>
  <testcase classname="com.coforge.tests.TestBankApp" name="testTransferFunds" time="0.000"/>
  <system-out/>
  <testcase classname="com.coforge.tests.TestBankApp" name="testLogout" time="0.001"/>
  <system-out/>
</testsuite> <!-- com.coforge.tests.TestBankApp -->
