<?xml version="1.0" encoding="UTF-8"?>
<!-- Generated by org.testng.reporters.JUnitReportReporter -->
<testsuite hostname="TRD-515" failures="0" tests="1" name="com.coforge.tests.Test2" time="0.001" errors="0" timestamp="2024-06-01T10:59:01 IST" skipped="0">
  <testcase classname="com.coforge.tests.Test2" name="verifySomeModule" time="0.001"/>
  <system-out/>
</testsuite> <!-- com.coforge.tests.Test2 -->
