<?xml version="1.0" encoding="UTF-8"?>
<!-- Generated by org.testng.reporters.JUnitReportReporter -->
<testsuite hostname="TRD-515" failures="0" tests="3" name="com.coforge.test.DemoTestNG" time="15.965" errors="0" timestamp="2024-06-01T10:14:23 IST" skipped="0">
  <testcase classname="com.coforge.test.DemoTestNG" name="test1" time="2.147"/>
  <system-out/>
  <testcase classname="com.coforge.test.DemoTestNG" name="test2" time="1.378"/>
  <system-out/>
  <testcase classname="com.coforge.test.DemoTestNG" name="testGoogleSearch" time="12.440"/>
  <system-out/>
</testsuite> <!-- com.coforge.test.DemoTestNG -->
