<?xml version="1.0" encoding="UTF-8"?>
<!-- Generated by org.testng.reporters.JUnitReportReporter -->
<testsuite hostname="TRD-515" failures="0" tests="3" name="com.coforge.tests.TestGoogleSearch" time="14.967" errors="0" timestamp="2024-06-01T10:59:01 IST" skipped="0">
  <testcase classname="com.coforge.tests.TestGoogleSearch" name="test1" time="2.981"/>
  <system-out/>
  <testcase classname="com.coforge.tests.TestGoogleSearch" name="testGoogleSearch" time="10.386"/>
  <system-out/>
  <testcase classname="com.coforge.tests.TestGoogleSearch" name="test2" time="1.600"/>
  <system-out/>
</testsuite> <!-- com.coforge.tests.TestGoogleSearch -->
